<?xml version="1.0" encoding="UTF-8"?>
<testsuite xmlns:xsi="http://www.w3.org/2001/XMLSchema-instance" xsi:noNamespaceSchemaLocation="https://maven.apache.org/surefire/maven-surefire-plugin/xsd/surefire-test-report-3.0.xsd" version="3.0" name="br.com.cepedi.e_drive.controller.model.ModelControllerTest" time="0.112" tests="7" errors="0" skipped="0" failures="0">
  <properties>
[...]
</properties>
  <testcase name="testActivate" classname="br.com.cepedi.e_drive.controller.model.ModelControllerTest" time="0.08">
    <system-out><![CDATA[20:12:14.892 [main] INFO br.com.cepedi.e_drive.controller.model.ModelController -- Activating model with ID: 1
20:12:14.894 [main] INFO br.com.cepedi.e_drive.controller.model.ModelController -- Model activated successfully
]]></system-out>
  </testcase>
  <testcase name="testGetById" classname="br.com.cepedi.e_drive.controller.model.ModelControllerTest" time="0.007">
    <system-out><![CDATA[20:12:14.899 [main] INFO br.com.cepedi.e_drive.controller.model.ModelController -- Retrieving model with ID: 1
20:12:14.899 [main] INFO br.com.cepedi.e_drive.controller.model.ModelController -- Model retrieved successfully
]]></system-out>
  </testcase>
  <testcase name="testListAll" classname="br.com.cepedi.e_drive.controller.model.ModelControllerTest" time="0.004">
    <system-out><![CDATA[20:12:14.907 [main] INFO br.com.cepedi.e_drive.controller.model.ModelController -- Retrieving all models
20:12:14.907 [main] INFO br.com.cepedi.e_drive.controller.model.ModelController -- All models retrieved successfully
]]></system-out>
  </testcase>
  <testcase name="testListModelsByBrand" classname="br.com.cepedi.e_drive.controller.model.ModelControllerTest" time="0.003">
    <system-out><![CDATA[20:12:14.912 [main] INFO br.com.cepedi.e_drive.controller.model.ModelController -- Retrieving models by brand ID: 1
20:12:14.912 [main] INFO br.com.cepedi.e_drive.controller.model.ModelController -- Models by brand retrieved successfully
]]></system-out>
  </testcase>
  <testcase name="testDisable" classname="br.com.cepedi.e_drive.controller.model.ModelControllerTest" time="0.004">
    <system-out><![CDATA[20:12:14.915 [main] INFO br.com.cepedi.e_drive.controller.model.ModelController -- Disabling model with ID: 1
20:12:14.916 [main] INFO br.com.cepedi.e_drive.controller.model.ModelController -- Model disabled successfully
]]></system-out>
  </testcase>
  <testcase name="testEnable" classname="br.com.cepedi.e_drive.controller.model.ModelControllerTest" time="0.004">
    <system-out><![CDATA[20:12:14.920 [main] INFO br.com.cepedi.e_drive.controller.model.ModelController -- Enabling model with ID: 1
20:12:14.920 [main] INFO br.com.cepedi.e_drive.controller.model.ModelController -- Model enabled successfully
]]></system-out>
  </testcase>
  <testcase name="testUpdate" classname="br.com.cepedi.e_drive.controller.model.ModelControllerTest" time="0.004">
    <system-out><![CDATA[20:12:14.924 [main] INFO br.com.cepedi.e_drive.controller.model.ModelController -- Updating model with ID: 1
20:12:14.925 [main] INFO br.com.cepedi.e_drive.controller.model.ModelController -- Model updated successfully with ID: 1
]]></system-out>
  </testcase>
</testsuite>